<?xml version="1.0" encoding="UTF-8"?>
<testng-results ignored="0" total="1" passed="1" failed="0" skipped="0">
  <reporter-output>
  </reporter-output>
  <suite started-at="2023-02-28T18:20:10 CST" name="Default suite" finished-at="2023-02-28T18:20:27 CST" duration-ms="17003">
    <groups>
      <group name="cucumber">
        <method signature="AbstractTestNGCucumberTests.feature(cucumber.api.testng.CucumberFeatureWrapper)[pri:0, instance:TCrunner.TC11@cb0755b]" name="feature" class="cucumber.api.testng.AbstractTestNGCucumberTests"/>
      </group> <!-- cucumber -->
    </groups>
    <test started-at="2023-02-28T18:20:10 CST" name="Default test" finished-at="2023-02-28T18:20:27 CST" duration-ms="17003">
      <class name="TCrunner.TC11">
        <test-method is-config="true" signature="setUpClass()[pri:0, instance:TCrunner.TC11@cb0755b]" started-at="2023-02-28T18:20:10 CST" name="setUpClass" finished-at="2023-02-28T18:20:10 CST" duration-ms="179" status="PASS">
          <reporter-output>
          </reporter-output>
        </test-method> <!-- setUpClass -->
        <test-method signature="feature(cucumber.api.testng.CucumberFeatureWrapper)[pri:0, instance:TCrunner.TC11@cb0755b]" started-at="2023-02-28T18:20:10 CST" name="feature" description="Runs Cucumber Feature" data-provider="features" finished-at="2023-02-28T18:20:27 CST" duration-ms="16693" status="PASS">
          <params>
            <param index="0">
              <value>
                <![CDATA[SignUP]]>
              </value>
            </param>
          </params>
          <reporter-output>
          </reporter-output>
        </test-method> <!-- feature -->
        <test-method is-config="true" signature="tearDownClass()[pri:0, instance:TCrunner.TC11@cb0755b]" started-at="2023-02-28T18:20:27 CST" name="tearDownClass" finished-at="2023-02-28T18:20:27 CST" duration-ms="10" status="PASS">
          <reporter-output>
          </reporter-output>
        </test-method> <!-- tearDownClass -->
      </class> <!-- TCrunner.TC11 -->
    </test> <!-- Default test -->
  </suite> <!-- Default suite -->
</testng-results>
